<?xml version="1.0" encoding="UTF-8"?>
<testsuite name="com.carrot.mattro.MongoDBServiceImplTest" tests="1" skipped="0" failures="0" errors="0" timestamp="2022-09-23T10:45:51" hostname="DESKTOP-AJ66391" time="1.931">
  <properties/>
  <testcase name="findPlaceBySubwayName()" classname="com.carrot.mattro.MongoDBServiceImplTest" time="1.931"/>
  <system-out><![CDATA[
  .   ____          _            __ _ _
 /\\ / ___'_ __ _ _(_)_ __  __ _ \ \ \ \
( ( )\___ | '_ | '_| | '_ \/ _` | \ \ \ \
 \\/  ___)| |_)| | | | | || (_| |  ) ) ) )
  '  |____| .__|_| |_|_| |_\__, | / / / /
 =========|_|==============|___/=/_/_/_/
 :: Spring Boot ::                (v2.7.3)

2022-09-23 19:45:42.955  INFO 28588 --- [    Test worker] c.c.m.MongoDBServiceImplTest             : Starting MongoDBServiceImplTest using Java 11.0.17 on DESKTOP-AJ66391 with PID 28588 (started by seho2 in C:\Users\seho2\Desktop\�떥�뵾\�봽濡쒖젥�듃\S07P22C206\backend\mattro)
2022-09-23 19:45:42.983  INFO 28588 --- [    Test worker] c.c.m.MongoDBServiceImplTest             : No active profile set, falling back to 1 default profile: "default"
2022-09-23 19:45:45.086  INFO 28588 --- [    Test worker] .s.d.r.c.RepositoryConfigurationDelegate : Bootstrapping Spring Data MongoDB repositories in DEFAULT mode.
2022-09-23 19:45:45.257  INFO 28588 --- [    Test worker] .s.d.r.c.RepositoryConfigurationDelegate : Finished Spring Data repository scanning in 146 ms. Found 1 MongoDB repository interfaces.
2022-09-23 19:45:49.455  INFO 28588 --- [    Test worker] o.m.d.client                             : MongoClient with metadata {"driver": {"name": "mongo-java-driver|sync|spring-boot", "version": "4.6.1"}, "os": {"type": "Windows", "name": "Windows 10", "architecture": "amd64", "version": "10.0"}, "platform": "Java/IBM Corporation/11.0.17+5"} created with settings MongoClientSettings{readPreference=primary, writeConcern=WriteConcern{w=null, wTimeout=null ms, journal=null}, retryWrites=true, retryReads=true, readConcern=ReadConcern{level=null}, credential=MongoCredential{mechanism=null, userName='c206', source='admin', password=<hidden>, mechanismProperties=<hidden>}, streamFactoryFactory=null, commandListeners=[], codecRegistry=ProvidersCodecRegistry{codecProviders=[ValueCodecProvider{}, BsonValueCodecProvider{}, DBRefCodecProvider{}, DBObjectCodecProvider{}, DocumentCodecProvider{}, IterableCodecProvider{}, MapCodecProvider{}, GeoJsonCodecProvider{}, GridFSFileCodecProvider{}, Jsr310CodecProvider{}, JsonObjectCodecProvider{}, BsonCodecProvider{}, EnumCodecProvider{}, com.mongodb.Jep395RecordCodecProvider@7273ef86]}, clusterSettings={hosts=[3.34.140.235:27017], srvServiceName=mongodb, mode=SINGLE, requiredClusterType=UNKNOWN, requiredReplicaSetName='null', serverSelector='null', clusterListeners='[]', serverSelectionTimeout='30000 ms', localThreshold='30000 ms'}, socketSettings=SocketSettings{connectTimeoutMS=10000, readTimeoutMS=0, receiveBufferSize=0, sendBufferSize=0}, heartbeatSocketSettings=SocketSettings{connectTimeoutMS=10000, readTimeoutMS=10000, receiveBufferSize=0, sendBufferSize=0}, connectionPoolSettings=ConnectionPoolSettings{maxSize=100, minSize=0, maxWaitTimeMS=120000, maxConnectionLifeTimeMS=0, maxConnectionIdleTimeMS=0, maintenanceInitialDelayMS=0, maintenanceFrequencyMS=60000, connectionPoolListeners=[], maxConnecting=2}, serverSettings=ServerSettings{heartbeatFrequencyMS=10000, minHeartbeatFrequencyMS=500, serverListeners='[]', serverMonitorListeners='[]'}, sslSettings=SslSettings{enabled=false, invalidHostNameAllowed=false, context=null}, applicationName='null', compressorList=[], uuidRepresentation=JAVA_LEGACY, serverApi=null, autoEncryptionSettings=null, contextProvider=null}
2022-09-23 19:45:49.509  INFO 28588 --- [4.140.235:27017] o.m.d.connection                         : Opened connection [connectionId{localValue:1, serverValue:1435}] to 3.34.140.235:27017
2022-09-23 19:45:49.509  INFO 28588 --- [4.140.235:27017] o.m.d.connection                         : Opened connection [connectionId{localValue:2, serverValue:1436}] to 3.34.140.235:27017
2022-09-23 19:45:49.510  INFO 28588 --- [4.140.235:27017] o.m.d.cluster                            : Monitor thread successfully connected to server with description ServerDescription{address=3.34.140.235:27017, type=STANDALONE, state=CONNECTED, ok=true, minWireVersion=0, maxWireVersion=17, maxDocumentSize=16777216, logicalSessionTimeoutMinutes=30, roundTripTimeNanos=90850900}
2022-09-23 19:45:51.163  INFO 28588 --- [    Test worker] c.c.m.MongoDBServiceImplTest             : Started MongoDBServiceImplTest in 9.19 seconds (JVM running for 11.784)
아울림
2022-09-23 19:45:52.760  INFO 28588 --- [    Test worker] o.m.d.connection                         : Opened connection [connectionId{localValue:3, serverValue:1437}] to 3.34.140.235:27017
org.bson.Document
Document{{1=14, 2=260, 3=65, 4=15, 5=82, 6=33, 8=117, 9=95, 10=104, 11=116, 12=6, 13=7, 14=5, 15=2}}
14
]]></system-out>
  <system-err><![CDATA[]]></system-err>
</testsuite>
